c:\users\pig75\onedrive\desktop\rebellion\rebellionserver\server\server\x64\release\server.pch
c:\users\pig75\onedrive\desktop\rebellion\rebellionserver\server\server\x64\release\vc143.pdb
c:\users\pig75\onedrive\desktop\rebellion\rebellionserver\server\server\x64\release\pch.obj
c:\users\pig75\onedrive\desktop\rebellion\rebellionserver\server\server\x64\release\simplemath.obj
c:\users\pig75\onedrive\desktop\rebellion\rebellionserver\server\server\x64\release\server.obj
c:\users\pig75\onedrive\desktop\rebellion\rebellionserver\server\server\x64\release\sender.obj
c:\users\pig75\onedrive\desktop\rebellion\rebellionserver\server\server\x64\release\player.obj
c:\users\pig75\onedrive\desktop\rebellion\rebellionserver\server\server\x64\release\func.obj
c:\users\pig75\onedrive\desktop\rebellion\rebellionserver\server\server\x64\release\error.obj
c:\users\pig75\onedrive\desktop\rebellion\rebellionserver\server\server\x64\release\cserverframe.obj
c:\users\pig75\onedrive\desktop\rebellion\rebellionserver\server\server\x64\release\cobject.obj
c:\users\pig75\onedrive\desktop\rebellion\rebellionserver\server\x64\release\server.exe
c:\users\pig75\onedrive\desktop\rebellion\rebellionserver\server\server\x64\release\server.ipdb
c:\users\pig75\onedrive\desktop\rebellion\rebellionserver\server\x64\release\server.pdb
c:\users\pig75\onedrive\desktop\rebellion\rebellionserver\server\server\x64\release\server.iobj
c:\users\pig75\onedrive\desktop\rebellion\rebellionserver\server\server\x64\release\server.tlog\cl.command.1.tlog
c:\users\pig75\onedrive\desktop\rebellion\rebellionserver\server\server\x64\release\server.tlog\cl.read.1.tlog
c:\users\pig75\onedrive\desktop\rebellion\rebellionserver\server\server\x64\release\server.tlog\cl.write.1.tlog
c:\users\pig75\onedrive\desktop\rebellion\rebellionserver\server\server\x64\release\server.tlog\link.command.1.tlog
c:\users\pig75\onedrive\desktop\rebellion\rebellionserver\server\server\x64\release\server.tlog\link.read.1.tlog
c:\users\pig75\onedrive\desktop\rebellion\rebellionserver\server\server\x64\release\server.tlog\link.write.1.tlog
