  CServerFrame.cpp
C:\Users\zndtl\Desktop\Rebellion\Rebellion2\RebellionServer\Server\Server\CServerFrame.cpp(589,71): warning C4244: '인수': 'float'에서 'short'(으)로 변환하면서 데이터가 손실될 수 있습니다.
C:\Users\zndtl\Desktop\Rebellion\Rebellion2\RebellionServer\Server\Server\CServerFrame.cpp(855,7): warning C4101: 'closed' :참조되지 않은 지역 변수입니다.
C:\Users\zndtl\Desktop\Rebellion\Rebellion2\RebellionServer\Server\Server\CServerFrame.cpp(1357,7): warning C4101: 'closed' :참조되지 않은 지역 변수입니다.
C:\Users\zndtl\Desktop\Rebellion\Rebellion2\RebellionServer\Server\Server\CServerFrame.cpp(1618,35): warning C4244: '인수': 'float'에서 'short'(으)로 변환하면서 데이터가 손실될 수 있습니다.
C:\Users\zndtl\Desktop\Rebellion\Rebellion2\RebellionServer\Server\Server\CServerFrame.cpp(1713,36): warning C4244: '인수': 'float'에서 'short'(으)로 변환하면서 데이터가 손실될 수 있습니다.
C:\Users\zndtl\Desktop\Rebellion\Rebellion2\RebellionServer\Server\Server\CServerFrame.cpp(1714,32): warning C4244: '인수': 'float'에서 'short'(으)로 변환하면서 데이터가 손실될 수 있습니다.
C:\Users\zndtl\Desktop\Rebellion\Rebellion2\RebellionServer\Server\Server\CServerFrame.cpp(1722,36): warning C4244: '인수': 'float'에서 'short'(으)로 변환하면서 데이터가 손실될 수 있습니다.
C:\Users\zndtl\Desktop\Rebellion\Rebellion2\RebellionServer\Server\Server\CServerFrame.cpp(1723,32): warning C4244: '인수': 'float'에서 'short'(으)로 변환하면서 데이터가 손실될 수 있습니다.
C:\Users\zndtl\Desktop\Rebellion\Rebellion2\RebellionServer\Server\Server\CServerFrame.cpp(1729,36): warning C4244: '인수': 'float'에서 'short'(으)로 변환하면서 데이터가 손실될 수 있습니다.
C:\Users\zndtl\Desktop\Rebellion\Rebellion2\RebellionServer\Server\Server\CServerFrame.cpp(1730,32): warning C4244: '인수': 'float'에서 'short'(으)로 변환하면서 데이터가 손실될 수 있습니다.
C:\Users\zndtl\Desktop\Rebellion\Rebellion2\RebellionServer\Server\Server\CServerFrame.cpp(1735,36): warning C4244: '인수': 'float'에서 'short'(으)로 변환하면서 데이터가 손실될 수 있습니다.
C:\Users\zndtl\Desktop\Rebellion\Rebellion2\RebellionServer\Server\Server\CServerFrame.cpp(1736,32): warning C4244: '인수': 'float'에서 'short'(으)로 변환하면서 데이터가 손실될 수 있습니다.
C:\Users\zndtl\Desktop\Rebellion\Rebellion2\RebellionServer\Server\Server\CServerFrame.cpp(1741,36): warning C4244: '인수': 'float'에서 'short'(으)로 변환하면서 데이터가 손실될 수 있습니다.
C:\Users\zndtl\Desktop\Rebellion\Rebellion2\RebellionServer\Server\Server\CServerFrame.cpp(1742,32): warning C4244: '인수': 'float'에서 'short'(으)로 변환하면서 데이터가 손실될 수 있습니다.
C:\Users\zndtl\Desktop\Rebellion\Rebellion2\RebellionServer\Server\Server\CServerFrame.cpp(1747,36): warning C4244: '인수': 'float'에서 'short'(으)로 변환하면서 데이터가 손실될 수 있습니다.
C:\Users\zndtl\Desktop\Rebellion\Rebellion2\RebellionServer\Server\Server\CServerFrame.cpp(1748,32): warning C4244: '인수': 'float'에서 'short'(으)로 변환하면서 데이터가 손실될 수 있습니다.
  코드를 생성하고 있습니다.
  3 of 856 functions ( 0.4%) were compiled, the rest were copied from previous compilation.
    0 functions were new in current compilation
    3 functions had inline decision re-evaluated but remain unchanged
  코드를 생성했습니다.
  Server.vcxproj -> C:\Users\zndtl\Desktop\Rebellion\Rebellion2\RebellionServer\Server\x64\Release\Server.exe
