c:\users\pig75\onedrive\desktop\rebellion\01. project\engine\x64\debug\engine_debug.pch
c:\users\pig75\onedrive\desktop\rebellion\03. external\library\engine\engine_debug.pdb
c:\users\pig75\onedrive\desktop\rebellion\03. external\library\engine\engine_debug.idb
c:\users\pig75\onedrive\desktop\rebellion\01. project\engine\x64\debug\stdafx.obj
c:\users\pig75\onedrive\desktop\rebellion\01. project\engine\x64\debug\eventmgr.obj
c:\users\pig75\onedrive\desktop\rebellion\01. project\engine\x64\debug\entity.obj
c:\users\pig75\onedrive\desktop\rebellion\01. project\engine\x64\debug\dungeon.obj
c:\users\pig75\onedrive\desktop\rebellion\01. project\engine\x64\debug\device.obj
c:\users\pig75\onedrive\desktop\rebellion\01. project\engine\x64\debug\desc.obj
c:\users\pig75\onedrive\desktop\rebellion\01. project\engine\x64\debug\core.obj
c:\users\pig75\onedrive\desktop\rebellion\01. project\engine\x64\debug\constantbuffer.obj
c:\users\pig75\onedrive\desktop\rebellion\01. project\engine\x64\debug\component.obj
c:\users\pig75\onedrive\desktop\rebellion\01. project\engine\x64\debug\collisionmgr.obj
c:\users\pig75\onedrive\desktop\rebellion\01. project\engine\x64\debug\collider2d.obj
c:\users\pig75\onedrive\desktop\rebellion\01. project\engine\x64\debug\castle.obj
c:\users\pig75\onedrive\desktop\rebellion\01. project\engine\x64\debug\camera.obj
c:\users\pig75\onedrive\desktop\rebellion\01. project\engine\x64\debug\bulletscript.obj
c:\users\pig75\onedrive\desktop\rebellion\01. project\engine\x64\debug\bossmap.obj
c:\users\pig75\onedrive\desktop\rebellion\01. project\engine\x64\debug\boss.obj
c:\users\pig75\onedrive\desktop\rebellion\01. project\engine\x64\debug\assemblyareascene.obj
c:\users\pig75\onedrive\desktop\rebellion\01. project\engine\x64\debug\animator3d.obj
c:\users\pig75\onedrive\desktop\rebellion\01. project\engine\x64\debug\animator2d.obj
c:\users\pig75\onedrive\desktop\rebellion\01. project\engine\x64\debug\animation2d.obj
c:\users\pig75\onedrive\desktop\rebellion\01. project\engine\x64\debug\miro.obj
c:\users\pig75\onedrive\desktop\rebellion\01. project\engine\x64\debug\meteor.obj
c:\users\pig75\onedrive\desktop\rebellion\01. project\engine\x64\debug\meshrender.obj
c:\users\pig75\onedrive\desktop\rebellion\01. project\engine\x64\debug\meshdata.obj
c:\users\pig75\onedrive\desktop\rebellion\01. project\engine\x64\debug\mesh.obj
c:\users\pig75\onedrive\desktop\rebellion\01. project\engine\x64\debug\megaslash.obj
c:\users\pig75\onedrive\desktop\rebellion\01. project\engine\x64\debug\material.obj
c:\users\pig75\onedrive\desktop\rebellion\01. project\engine\x64\debug\light3d.obj
c:\users\pig75\onedrive\desktop\rebellion\01. project\engine\x64\debug\light2d.obj
c:\users\pig75\onedrive\desktop\rebellion\01. project\engine\x64\debug\layer.obj
c:\users\pig75\onedrive\desktop\rebellion\01. project\engine\x64\debug\keymgr.obj
c:\users\pig75\onedrive\desktop\rebellion\01. project\engine\x64\debug\guardhouse.obj
c:\users\pig75\onedrive\desktop\rebellion\01. project\engine\x64\debug\gridscript.obj
c:\users\pig75\onedrive\desktop\rebellion\01. project\engine\x64\debug\gatehouse.obj
c:\users\pig75\onedrive\desktop\rebellion\01. project\engine\x64\debug\gameobject.obj
c:\users\pig75\onedrive\desktop\rebellion\01. project\engine\x64\debug\func.obj
c:\users\pig75\onedrive\desktop\rebellion\01. project\engine\x64\debug\frustum.obj
c:\users\pig75\onedrive\desktop\rebellion\01. project\engine\x64\debug\fireball.obj
c:\users\pig75\onedrive\desktop\rebellion\01. project\engine\x64\debug\fire.obj
c:\users\pig75\onedrive\desktop\rebellion\01. project\engine\x64\debug\fbxloader.obj
c:\users\pig75\onedrive\desktop\rebellion\01. project\engine\x64\debug\simplemath.obj
c:\users\pig75\onedrive\desktop\rebellion\01. project\engine\x64\debug\shader.obj
c:\users\pig75\onedrive\desktop\rebellion\01. project\engine\x64\debug\script.obj
c:\users\pig75\onedrive\desktop\rebellion\01. project\engine\x64\debug\scenemgr.obj
c:\users\pig75\onedrive\desktop\rebellion\01. project\engine\x64\debug\scene.obj
c:\users\pig75\onedrive\desktop\rebellion\01. project\engine\x64\debug\resource.obj
c:\users\pig75\onedrive\desktop\rebellion\01. project\engine\x64\debug\resmgrinit.obj
c:\users\pig75\onedrive\desktop\rebellion\01. project\engine\x64\debug\resmgr.obj
c:\users\pig75\onedrive\desktop\rebellion\01. project\engine\x64\debug\rendermgrinit.obj
c:\users\pig75\onedrive\desktop\rebellion\01. project\engine\x64\debug\rendermgr.obj
c:\users\pig75\onedrive\desktop\rebellion\01. project\engine\x64\debug\portal.obj
c:\users\pig75\onedrive\desktop\rebellion\01. project\engine\x64\debug\playerscript.obj
c:\users\pig75\onedrive\desktop\rebellion\01. project\engine\x64\debug\pathmgr.obj
c:\users\pig75\onedrive\desktop\rebellion\01. project\engine\x64\debug\particlesystem.obj
c:\users\pig75\onedrive\desktop\rebellion\01. project\engine\x64\debug\particlescript.obj
c:\users\pig75\onedrive\desktop\rebellion\01. project\engine\x64\debug\npcmon.obj
c:\users\pig75\onedrive\desktop\rebellion\01. project\engine\x64\debug\network.obj
c:\users\pig75\onedrive\desktop\rebellion\01. project\engine\x64\debug\m_monsterscript.obj
c:\users\pig75\onedrive\desktop\rebellion\01. project\engine\x64\debug\mrt.obj
c:\users\pig75\onedrive\desktop\rebellion\01. project\engine\x64\debug\monsterscript.obj
c:\users\pig75\onedrive\desktop\rebellion\01. project\engine\x64\debug\unleashedpower.obj
c:\users\pig75\onedrive\desktop\rebellion\01. project\engine\x64\debug\tree.obj
c:\users\pig75\onedrive\desktop\rebellion\01. project\engine\x64\debug\transform.obj
c:\users\pig75\onedrive\desktop\rebellion\01. project\engine\x64\debug\toolcamscript.obj
c:\users\pig75\onedrive\desktop\rebellion\01. project\engine\x64\debug\timemgr.obj
c:\users\pig75\onedrive\desktop\rebellion\01. project\engine\x64\debug\texture.obj
c:\users\pig75\onedrive\desktop\rebellion\01. project\engine\x64\debug\testscript.obj
c:\users\pig75\onedrive\desktop\rebellion\01. project\engine\x64\debug\swordstrike.obj
c:\users\pig75\onedrive\desktop\rebellion\01. project\engine\x64\debug\swordscript.obj
c:\users\pig75\onedrive\desktop\rebellion\01. project\engine\x64\debug\sword.obj
c:\users\pig75\onedrive\desktop\rebellion\01. project\engine\x64\debug\swing4.obj
c:\users\pig75\onedrive\desktop\rebellion\01. project\engine\x64\debug\swing3.obj
c:\users\pig75\onedrive\desktop\rebellion\01. project\engine\x64\debug\swing2.obj
c:\users\pig75\onedrive\desktop\rebellion\01. project\engine\x64\debug\swing.obj
c:\users\pig75\onedrive\desktop\rebellion\01. project\engine\x64\debug\structuredbuffer.obj
c:\users\pig75\onedrive\desktop\rebellion\01. project\engine\x64\debug\sting.obj
c:\users\pig75\onedrive\desktop\rebellion\01. project\engine\x64\debug\sound.obj
c:\users\pig75\onedrive\desktop\rebellion\01. project\engine\x64\debug\somethings.obj
c:\users\pig75\onedrive\desktop\rebellion\03. external\library\engine\animation.cso
c:\users\pig75\onedrive\desktop\rebellion\03. external\library\engine\compute.cso
c:\users\pig75\onedrive\desktop\rebellion\03. external\library\engine\fire.cso
c:\users\pig75\onedrive\desktop\rebellion\03. external\library\engine\particle.cso
c:\users\pig75\onedrive\desktop\rebellion\03. external\library\engine\posteffect.cso
c:\users\pig75\onedrive\desktop\rebellion\03. external\library\engine\rain.cso
c:\users\pig75\onedrive\desktop\rebellion\03. external\library\engine\trail.cso
c:\users\pig75\onedrive\desktop\rebellion\01. project\engine\x64\debug\engine.tlog\cl.command.1.tlog
c:\users\pig75\onedrive\desktop\rebellion\01. project\engine\x64\debug\engine.tlog\cl.read.1.tlog
c:\users\pig75\onedrive\desktop\rebellion\01. project\engine\x64\debug\engine.tlog\cl.write.1.tlog
c:\users\pig75\onedrive\desktop\rebellion\01. project\engine\x64\debug\engine.tlog\fxc.command.1.tlog
c:\users\pig75\onedrive\desktop\rebellion\01. project\engine\x64\debug\engine.tlog\fxc.read.1.tlog
c:\users\pig75\onedrive\desktop\rebellion\01. project\engine\x64\debug\engine.tlog\fxc.write.1.tlog
