FXC : warning X4717: Effects deprecated for D3DCompiler_47
  
  //
  // FX Version: fx_5_0
  //
  // 6 local buffer(s)
  //
  cbuffer TRANSFORM_MATRIX : register(b0)
  {
      float4x4 g_matWorld;                // Offset:    0, size:   64
      float4x4 g_matView;                 // Offset:   64, size:   64
      float4x4 g_matProj;                 // Offset:  128, size:   64
      float4x4 g_matWV;                   // Offset:  192, size:   64
      float4x4 g_matWVP;                  // Offset:  256, size:   64
      float4x4 g_matWorldInv;             // Offset:  320, size:   64
      float4x4 g_matViewInv;              // Offset:  384, size:   64
      float4x4 g_matProjInv;              // Offset:  448, size:   64
  }
  
  cbuffer MATERIAL_PARAM : register(b1)
  {
      float4  g_vDiff;                    // Offset:    0, size:   16
      float4  g_vSpec;                    // Offset:   16, size:   16
      float4  g_vEmv;                     // Offset:   32, size:   16
      int     g_int_0;                    // Offset:   48, size:    4
      int     g_int_1;                    // Offset:   52, size:    4
      int     g_int_2;                    // Offset:   56, size:    4
      int     g_int_3;                    // Offset:   60, size:    4
      float   g_float_0;                  // Offset:   64, size:    4
      float   g_float_1;                  // Offset:   68, size:    4
      float   g_float_2;                  // Offset:   72, size:    4
      float   g_float_3;                  // Offset:   76, size:    4
      float2  g_vec2_0;                   // Offset:   80, size:    8
      float2  g_vec2_1;                   // Offset:   88, size:    8
      float2  g_vec2_2;                   // Offset:   96, size:    8
      float2  g_vec2_3;                   // Offset:  104, size:    8
      float4  g_vec4_0;                   // Offset:  112, size:   16
      float4  g_vec4_1;                   // Offset:  128, size:   16
      float4  g_vec4_2;                   // Offset:  144, size:   16
      float4  g_vec4_3;                   // Offset:  160, size:   16
      float4x4 g_mat_0;                   // Offset:  176, size:   64
      float4x4 g_mat_1;                   // Offset:  240, size:   64
      float4x4 g_mat_2;                   // Offset:  304, size:   64
      float4x4 g_mat_3;                   // Offset:  368, size:   64
      int     tex_0;                      // Offset:  432, size:    4
      int     tex_1;                      // Offset:  436, size:    4
      int     tex_2;                      // Offset:  440, size:    4
      int     tex_3;                      // Offset:  444, size:    4
  }
  
  cbuffer ANIM2D : register(b2)
  {
      float2  g_vLT;                      // Offset:    0, size:    8
      float2  g_vLen;                     // Offset:    8, size:    8
      float2  g_vOffset;                  // Offset:   16, size:    8
      int     IsAnim2D;                   // Offset:   24, size:    4
      int     padding2;                   // Offset:   28, size:    4
  }
  
  cbuffer LIGHT2D : register(b3)
  {
      tLight2DInfo g_Light2D[100];        // Offset:    0, size: 6400
      int     g_iLight2DCount;            // Offset: 6400, size:    4
      int3    padding3;                   // Offset: 6404, size:   12
  }
  
  cbuffer LIGHT3D : register(b4)
  {
      tLight3DInfo g_Light3D[100];        // Offset:    0, size: 9600
      int     g_iLight3DCount;            // Offset: 9600, size:    4
      int3    padding3DLight;             // Offset: 9604, size:   12
  }
  
  cbuffer GLOBAL : register(b5)
  {
      float2  g_vResolution;              // Offset:    0, size:    8
      float   g_fDT;                      // Offset:    8, size:    4
      float   g_fAccTime;                 // Offset:   12, size:    4
  }
  
  //
  // 18 local object(s)
  //
  Texture2D g_tex_0;
  Texture2D g_tex_1;
  Texture2D g_tex_2;
  Texture2D g_tex_3;
  Texture2D g_tex_4;
  Texture2D g_tex_5;
  Texture2D g_tex_6;
  StructuredBuffer g_arrFinalBoneMat;
  Texture2DArray g_arrtex_0;
  Texture2DArray g_arrtex_1;
  Texture2DArray g_arrtex_2;
  Texture2DArray g_arrtex_3;
  Texture2D g_tex_anim2D;
  SamplerState g_sam_0
  {
  };
  SamplerState g_sam_1
  {
  };
  SamplerComparisonState g_sam_2
  {
  };
  SamplerState g_sam_3
  {
  };
  SamplerState g_sam_4
  {
  };
  
FXC : warning X4717: Effects deprecated for D3DCompiler_47
  
  //
  // FX Version: fx_5_0
  //
  // 6 local buffer(s)
  //
  cbuffer TRANSFORM_MATRIX : register(b0)
  {
      float4x4 g_matWorld;                // Offset:    0, size:   64
      float4x4 g_matView;                 // Offset:   64, size:   64
      float4x4 g_matProj;                 // Offset:  128, size:   64
      float4x4 g_matWV;                   // Offset:  192, size:   64
      float4x4 g_matWVP;                  // Offset:  256, size:   64
      float4x4 g_matWorldInv;             // Offset:  320, size:   64
      float4x4 g_matViewInv;              // Offset:  384, size:   64
      float4x4 g_matProjInv;              // Offset:  448, size:   64
  }
  
  cbuffer MATERIAL_PARAM : register(b1)
  {
      float4  g_vDiff;                    // Offset:    0, size:   16
      float4  g_vSpec;                    // Offset:   16, size:   16
      float4  g_vEmv;                     // Offset:   32, size:   16
      int     g_int_0;                    // Offset:   48, size:    4
      int     g_int_1;                    // Offset:   52, size:    4
      int     g_int_2;                    // Offset:   56, size:    4
      int     g_int_3;                    // Offset:   60, size:    4
      float   g_float_0;                  // Offset:   64, size:    4
      float   g_float_1;                  // Offset:   68, size:    4
      float   g_float_2;                  // Offset:   72, size:    4
      float   g_float_3;                  // Offset:   76, size:    4
      float2  g_vec2_0;                   // Offset:   80, size:    8
      float2  g_vec2_1;                   // Offset:   88, size:    8
      float2  g_vec2_2;                   // Offset:   96, size:    8
      float2  g_vec2_3;                   // Offset:  104, size:    8
      float4  g_vec4_0;                   // Offset:  112, size:   16
      float4  g_vec4_1;                   // Offset:  128, size:   16
      float4  g_vec4_2;                   // Offset:  144, size:   16
      float4  g_vec4_3;                   // Offset:  160, size:   16
      float4x4 g_mat_0;                   // Offset:  176, size:   64
      float4x4 g_mat_1;                   // Offset:  240, size:   64
      float4x4 g_mat_2;                   // Offset:  304, size:   64
      float4x4 g_mat_3;                   // Offset:  368, size:   64
      int     tex_0;                      // Offset:  432, size:    4
      int     tex_1;                      // Offset:  436, size:    4
      int     tex_2;                      // Offset:  440, size:    4
      int     tex_3;                      // Offset:  444, size:    4
  }
  
  cbuffer ANIM2D : register(b2)
  {
      float2  g_vLT;                      // Offset:    0, size:    8
      float2  g_vLen;                     // Offset:    8, size:    8
      float2  g_vOffset;                  // Offset:   16, size:    8
      int     IsAnim2D;                   // Offset:   24, size:    4
      int     padding2;                   // Offset:   28, size:    4
  }
  
  cbuffer LIGHT2D : register(b3)
  {
      tLight2DInfo g_Light2D[100];        // Offset:    0, size: 6400
      int     g_iLight2DCount;            // Offset: 6400, size:    4
      int3    padding3;                   // Offset: 6404, size:   12
  }
  
  cbuffer LIGHT3D : register(b4)
  {
      tLight3DInfo g_Light3D[100];        // Offset:    0, size: 9600
      int     g_iLight3DCount;            // Offset: 9600, size:    4
      int3    padding3DLight;             // Offset: 9604, size:   12
  }
  
  cbuffer GLOBAL : register(b5)
  {
      float2  g_vResolution;              // Offset:    0, size:    8
      float   g_fDT;                      // Offset:    8, size:    4
      float   g_fAccTime;                 // Offset:   12, size:    4
  }
  
  //
  // 18 local object(s)
  //
  Texture2D g_tex_0;
  Texture2D g_tex_1;
  Texture2D g_tex_2;
  Texture2D g_tex_3;
  Texture2D g_tex_4;
  Texture2D g_tex_5;
  Texture2D g_tex_6;
  StructuredBuffer g_arrFinalBoneMat;
  Texture2DArray g_arrtex_0;
  Texture2DArray g_arrtex_1;
  Texture2DArray g_arrtex_2;
  Texture2DArray g_arrtex_3;
  Texture2D g_tex_anim2D;
  SamplerState g_sam_0
  {
  };
  SamplerState g_sam_1
  {
  };
  SamplerComparisonState g_sam_2
  {
  };
  SamplerState g_sam_3
  {
  };
  SamplerState g_sam_4
  {
  };
  
FXC : warning X4717: Effects deprecated for D3DCompiler_47
  
  //
  // FX Version: fx_5_0
  //
  // 6 local buffer(s)
  //
  cbuffer TRANSFORM_MATRIX : register(b0)
  {
      float4x4 g_matWorld;                // Offset:    0, size:   64
      float4x4 g_matView;                 // Offset:   64, size:   64
      float4x4 g_matProj;                 // Offset:  128, size:   64
      float4x4 g_matWV;                   // Offset:  192, size:   64
      float4x4 g_matWVP;                  // Offset:  256, size:   64
      float4x4 g_matWorldInv;             // Offset:  320, size:   64
      float4x4 g_matViewInv;              // Offset:  384, size:   64
      float4x4 g_matProjInv;              // Offset:  448, size:   64
  }
  
  cbuffer MATERIAL_PARAM : register(b1)
  {
      float4  g_vDiff;                    // Offset:    0, size:   16
      float4  g_vSpec;                    // Offset:   16, size:   16
      float4  g_vEmv;                     // Offset:   32, size:   16
      int     g_int_0;                    // Offset:   48, size:    4
      int     g_int_1;                    // Offset:   52, size:    4
      int     g_int_2;                    // Offset:   56, size:    4
      int     g_int_3;                    // Offset:   60, size:    4
      float   g_float_0;                  // Offset:   64, size:    4
      float   g_float_1;                  // Offset:   68, size:    4
      float   g_float_2;                  // Offset:   72, size:    4
      float   g_float_3;                  // Offset:   76, size:    4
      float2  g_vec2_0;                   // Offset:   80, size:    8
      float2  g_vec2_1;                   // Offset:   88, size:    8
      float2  g_vec2_2;                   // Offset:   96, size:    8
      float2  g_vec2_3;                   // Offset:  104, size:    8
      float4  g_vec4_0;                   // Offset:  112, size:   16
      float4  g_vec4_1;                   // Offset:  128, size:   16
      float4  g_vec4_2;                   // Offset:  144, size:   16
      float4  g_vec4_3;                   // Offset:  160, size:   16
      float4x4 g_mat_0;                   // Offset:  176, size:   64
      float4x4 g_mat_1;                   // Offset:  240, size:   64
      float4x4 g_mat_2;                   // Offset:  304, size:   64
      float4x4 g_mat_3;                   // Offset:  368, size:   64
      int     tex_0;                      // Offset:  432, size:    4
      int     tex_1;                      // Offset:  436, size:    4
      int     tex_2;                      // Offset:  440, size:    4
      int     tex_3;                      // Offset:  444, size:    4
  }
  
  cbuffer ANIM2D : register(b2)
  {
      float2  g_vLT;                      // Offset:    0, size:    8
      float2  g_vLen;                     // Offset:    8, size:    8
      float2  g_vOffset;                  // Offset:   16, size:    8
      int     IsAnim2D;                   // Offset:   24, size:    4
      int     padding2;                   // Offset:   28, size:    4
  }
  
  cbuffer LIGHT2D : register(b3)
  {
      tLight2DInfo g_Light2D[100];        // Offset:    0, size: 6400
      int     g_iLight2DCount;            // Offset: 6400, size:    4
      int3    padding3;                   // Offset: 6404, size:   12
  }
  
  cbuffer LIGHT3D : register(b4)
  {
      tLight3DInfo g_Light3D[100];        // Offset:    0, size: 9600
      int     g_iLight3DCount;            // Offset: 9600, size:    4
      int3    padding3DLight;             // Offset: 9604, size:   12
  }
  
  cbuffer GLOBAL : register(b5)
  {
      float2  g_vResolution;              // Offset:    0, size:    8
      float   g_fDT;                      // Offset:    8, size:    4
      float   g_fAccTime;                 // Offset:   12, size:    4
  }
  
  //
  // 18 local object(s)
  //
  Texture2D g_tex_0;
  Texture2D g_tex_1;
  Texture2D g_tex_2;
  Texture2D g_tex_3;
  Texture2D g_tex_4;
  Texture2D g_tex_5;
  Texture2D g_tex_6;
  StructuredBuffer g_arrFinalBoneMat;
  Texture2DArray g_arrtex_0;
  Texture2DArray g_arrtex_1;
  Texture2DArray g_arrtex_2;
  Texture2DArray g_arrtex_3;
  Texture2D g_tex_anim2D;
  SamplerState g_sam_0
  {
  };
  SamplerState g_sam_1
  {
  };
  SamplerComparisonState g_sam_2
  {
  };
  SamplerState g_sam_3
  {
  };
  SamplerState g_sam_4
  {
  };
  
FXC : warning X4717: Effects deprecated for D3DCompiler_47
  
  //
  // FX Version: fx_5_0
  //
  // 6 local buffer(s)
  //
  cbuffer TRANSFORM_MATRIX : register(b0)
  {
      float4x4 g_matWorld;                // Offset:    0, size:   64
      float4x4 g_matView;                 // Offset:   64, size:   64
      float4x4 g_matProj;                 // Offset:  128, size:   64
      float4x4 g_matWV;                   // Offset:  192, size:   64
      float4x4 g_matWVP;                  // Offset:  256, size:   64
      float4x4 g_matWorldInv;             // Offset:  320, size:   64
      float4x4 g_matViewInv;              // Offset:  384, size:   64
      float4x4 g_matProjInv;              // Offset:  448, size:   64
  }
  
  cbuffer MATERIAL_PARAM : register(b1)
  {
      float4  g_vDiff;                    // Offset:    0, size:   16
      float4  g_vSpec;                    // Offset:   16, size:   16
      float4  g_vEmv;                     // Offset:   32, size:   16
      int     g_int_0;                    // Offset:   48, size:    4
      int     g_int_1;                    // Offset:   52, size:    4
      int     g_int_2;                    // Offset:   56, size:    4
      int     g_int_3;                    // Offset:   60, size:    4
      float   g_float_0;                  // Offset:   64, size:    4
      float   g_float_1;                  // Offset:   68, size:    4
      float   g_float_2;                  // Offset:   72, size:    4
      float   g_float_3;                  // Offset:   76, size:    4
      float2  g_vec2_0;                   // Offset:   80, size:    8
      float2  g_vec2_1;                   // Offset:   88, size:    8
      float2  g_vec2_2;                   // Offset:   96, size:    8
      float2  g_vec2_3;                   // Offset:  104, size:    8
      float4  g_vec4_0;                   // Offset:  112, size:   16
      float4  g_vec4_1;                   // Offset:  128, size:   16
      float4  g_vec4_2;                   // Offset:  144, size:   16
      float4  g_vec4_3;                   // Offset:  160, size:   16
      float4x4 g_mat_0;                   // Offset:  176, size:   64
      float4x4 g_mat_1;                   // Offset:  240, size:   64
      float4x4 g_mat_2;                   // Offset:  304, size:   64
      float4x4 g_mat_3;                   // Offset:  368, size:   64
      int     tex_0;                      // Offset:  432, size:    4
      int     tex_1;                      // Offset:  436, size:    4
      int     tex_2;                      // Offset:  440, size:    4
      int     tex_3;                      // Offset:  444, size:    4
  }
  
  cbuffer ANIM2D : register(b2)
  {
      float2  g_vLT;                      // Offset:    0, size:    8
      float2  g_vLen;                     // Offset:    8, size:    8
      float2  g_vOffset;                  // Offset:   16, size:    8
      int     IsAnim2D;                   // Offset:   24, size:    4
      int     padding2;                   // Offset:   28, size:    4
  }
  
  cbuffer LIGHT2D : register(b3)
  {
      tLight2DInfo g_Light2D[100];        // Offset:    0, size: 6400
      int     g_iLight2DCount;            // Offset: 6400, size:    4
      int3    padding3;                   // Offset: 6404, size:   12
  }
  
  cbuffer LIGHT3D : register(b4)
  {
      tLight3DInfo g_Light3D[100];        // Offset:    0, size: 9600
      int     g_iLight3DCount;            // Offset: 9600, size:    4
      int3    padding3DLight;             // Offset: 9604, size:   12
  }
  
  cbuffer GLOBAL : register(b5)
  {
      float2  g_vResolution;              // Offset:    0, size:    8
      float   g_fDT;                      // Offset:    8, size:    4
      float   g_fAccTime;                 // Offset:   12, size:    4
  }
  
  //
  // 18 local object(s)
  //
  Texture2D g_tex_0;
  Texture2D g_tex_1;
  Texture2D g_tex_2;
  Texture2D g_tex_3;
  Texture2D g_tex_4;
  Texture2D g_tex_5;
  Texture2D g_tex_6;
  StructuredBuffer g_arrFinalBoneMat;
  Texture2DArray g_arrtex_0;
  Texture2DArray g_arrtex_1;
  Texture2DArray g_arrtex_2;
  Texture2DArray g_arrtex_3;
  Texture2D g_tex_anim2D;
  SamplerState g_sam_0
  {
  };
  SamplerState g_sam_1
  {
  };
  SamplerComparisonState g_sam_2
  {
  };
  SamplerState g_sam_3
  {
  };
  SamplerState g_sam_4
  {
  };
  
FXC : warning X4717: Effects deprecated for D3DCompiler_47
  
  //
  // FX Version: fx_5_0
  //
  // 6 local buffer(s)
  //
  cbuffer TRANSFORM_MATRIX : register(b0)
  {
      float4x4 g_matWorld;                // Offset:    0, size:   64
      float4x4 g_matView;                 // Offset:   64, size:   64
      float4x4 g_matProj;                 // Offset:  128, size:   64
      float4x4 g_matWV;                   // Offset:  192, size:   64
      float4x4 g_matWVP;                  // Offset:  256, size:   64
      float4x4 g_matWorldInv;             // Offset:  320, size:   64
      float4x4 g_matViewInv;              // Offset:  384, size:   64
      float4x4 g_matProjInv;              // Offset:  448, size:   64
  }
  
  cbuffer MATERIAL_PARAM : register(b1)
  {
      float4  g_vDiff;                    // Offset:    0, size:   16
      float4  g_vSpec;                    // Offset:   16, size:   16
      float4  g_vEmv;                     // Offset:   32, size:   16
      int     g_int_0;                    // Offset:   48, size:    4
      int     g_int_1;                    // Offset:   52, size:    4
      int     g_int_2;                    // Offset:   56, size:    4
      int     g_int_3;                    // Offset:   60, size:    4
      float   g_float_0;                  // Offset:   64, size:    4
      float   g_float_1;                  // Offset:   68, size:    4
      float   g_float_2;                  // Offset:   72, size:    4
      float   g_float_3;                  // Offset:   76, size:    4
      float2  g_vec2_0;                   // Offset:   80, size:    8
      float2  g_vec2_1;                   // Offset:   88, size:    8
      float2  g_vec2_2;                   // Offset:   96, size:    8
      float2  g_vec2_3;                   // Offset:  104, size:    8
      float4  g_vec4_0;                   // Offset:  112, size:   16
      float4  g_vec4_1;                   // Offset:  128, size:   16
      float4  g_vec4_2;                   // Offset:  144, size:   16
      float4  g_vec4_3;                   // Offset:  160, size:   16
      float4x4 g_mat_0;                   // Offset:  176, size:   64
      float4x4 g_mat_1;                   // Offset:  240, size:   64
      float4x4 g_mat_2;                   // Offset:  304, size:   64
      float4x4 g_mat_3;                   // Offset:  368, size:   64
      int     tex_0;                      // Offset:  432, size:    4
      int     tex_1;                      // Offset:  436, size:    4
      int     tex_2;                      // Offset:  440, size:    4
      int     tex_3;                      // Offset:  444, size:    4
  }
  
  cbuffer ANIM2D : register(b2)
  {
      float2  g_vLT;                      // Offset:    0, size:    8
      float2  g_vLen;                     // Offset:    8, size:    8
      float2  g_vOffset;                  // Offset:   16, size:    8
      int     IsAnim2D;                   // Offset:   24, size:    4
      int     padding2;                   // Offset:   28, size:    4
  }
  
  cbuffer LIGHT2D : register(b3)
  {
      tLight2DInfo g_Light2D[100];        // Offset:    0, size: 6400
      int     g_iLight2DCount;            // Offset: 6400, size:    4
      int3    padding3;                   // Offset: 6404, size:   12
  }
  
  cbuffer LIGHT3D : register(b4)
  {
      tLight3DInfo g_Light3D[100];        // Offset:    0, size: 9600
      int     g_iLight3DCount;            // Offset: 9600, size:    4
      int3    padding3DLight;             // Offset: 9604, size:   12
  }
  
  cbuffer GLOBAL : register(b5)
  {
      float2  g_vResolution;              // Offset:    0, size:    8
      float   g_fDT;                      // Offset:    8, size:    4
      float   g_fAccTime;                 // Offset:   12, size:    4
  }
  
  //
  // 18 local object(s)
  //
  Texture2D g_tex_0;
  Texture2D g_tex_1;
  Texture2D g_tex_2;
  Texture2D g_tex_3;
  Texture2D g_tex_4;
  Texture2D g_tex_5;
  Texture2D g_tex_6;
  StructuredBuffer g_arrFinalBoneMat;
  Texture2DArray g_arrtex_0;
  Texture2DArray g_arrtex_1;
  Texture2DArray g_arrtex_2;
  Texture2DArray g_arrtex_3;
  Texture2D g_tex_anim2D;
  SamplerState g_sam_0
  {
  };
  SamplerState g_sam_1
  {
  };
  SamplerComparisonState g_sam_2
  {
  };
  SamplerState g_sam_3
  {
  };
  SamplerState g_sam_4
  {
  };
  
FXC : warning X4717: Effects deprecated for D3DCompiler_47
  
  //
  // FX Version: fx_5_0
  //
  // 6 local buffer(s)
  //
  cbuffer TRANSFORM_MATRIX : register(b0)
  {
      float4x4 g_matWorld;                // Offset:    0, size:   64
      float4x4 g_matView;                 // Offset:   64, size:   64
      float4x4 g_matProj;                 // Offset:  128, size:   64
      float4x4 g_matWV;                   // Offset:  192, size:   64
      float4x4 g_matWVP;                  // Offset:  256, size:   64
      float4x4 g_matWorldInv;             // Offset:  320, size:   64
      float4x4 g_matViewInv;              // Offset:  384, size:   64
      float4x4 g_matProjInv;              // Offset:  448, size:   64
  }
  
  cbuffer MATERIAL_PARAM : register(b1)
  {
      float4  g_vDiff;                    // Offset:    0, size:   16
      float4  g_vSpec;                    // Offset:   16, size:   16
      float4  g_vEmv;                     // Offset:   32, size:   16
      int     g_int_0;                    // Offset:   48, size:    4
      int     g_int_1;                    // Offset:   52, size:    4
      int     g_int_2;                    // Offset:   56, size:    4
      int     g_int_3;                    // Offset:   60, size:    4
      float   g_float_0;                  // Offset:   64, size:    4
      float   g_float_1;                  // Offset:   68, size:    4
      float   g_float_2;                  // Offset:   72, size:    4
      float   g_float_3;                  // Offset:   76, size:    4
      float2  g_vec2_0;                   // Offset:   80, size:    8
      float2  g_vec2_1;                   // Offset:   88, size:    8
      float2  g_vec2_2;                   // Offset:   96, size:    8
      float2  g_vec2_3;                   // Offset:  104, size:    8
      float4  g_vec4_0;                   // Offset:  112, size:   16
      float4  g_vec4_1;                   // Offset:  128, size:   16
      float4  g_vec4_2;                   // Offset:  144, size:   16
      float4  g_vec4_3;                   // Offset:  160, size:   16
      float4x4 g_mat_0;                   // Offset:  176, size:   64
      float4x4 g_mat_1;                   // Offset:  240, size:   64
      float4x4 g_mat_2;                   // Offset:  304, size:   64
      float4x4 g_mat_3;                   // Offset:  368, size:   64
      int     tex_0;                      // Offset:  432, size:    4
      int     tex_1;                      // Offset:  436, size:    4
      int     tex_2;                      // Offset:  440, size:    4
      int     tex_3;                      // Offset:  444, size:    4
  }
  
  cbuffer ANIM2D : register(b2)
  {
      float2  g_vLT;                      // Offset:    0, size:    8
      float2  g_vLen;                     // Offset:    8, size:    8
      float2  g_vOffset;                  // Offset:   16, size:    8
      int     IsAnim2D;                   // Offset:   24, size:    4
      int     padding2;                   // Offset:   28, size:    4
  }
  
  cbuffer LIGHT2D : register(b3)
  {
      tLight2DInfo g_Light2D[100];        // Offset:    0, size: 6400
      int     g_iLight2DCount;            // Offset: 6400, size:    4
      int3    padding3;                   // Offset: 6404, size:   12
  }
  
  cbuffer LIGHT3D : register(b4)
  {
      tLight3DInfo g_Light3D[100];        // Offset:    0, size: 9600
      int     g_iLight3DCount;            // Offset: 9600, size:    4
      int3    padding3DLight;             // Offset: 9604, size:   12
  }
  
  cbuffer GLOBAL : register(b5)
  {
      float2  g_vResolution;              // Offset:    0, size:    8
      float   g_fDT;                      // Offset:    8, size:    4
      float   g_fAccTime;                 // Offset:   12, size:    4
  }
  
  //
  // 18 local object(s)
  //
  Texture2D g_tex_0;
  Texture2D g_tex_1;
  Texture2D g_tex_2;
  Texture2D g_tex_3;
  Texture2D g_tex_4;
  Texture2D g_tex_5;
  Texture2D g_tex_6;
  StructuredBuffer g_arrFinalBoneMat;
  Texture2DArray g_arrtex_0;
  Texture2DArray g_arrtex_1;
  Texture2DArray g_arrtex_2;
  Texture2DArray g_arrtex_3;
  Texture2D g_tex_anim2D;
  SamplerState g_sam_0
  {
  };
  SamplerState g_sam_1
  {
  };
  SamplerComparisonState g_sam_2
  {
  };
  SamplerState g_sam_3
  {
  };
  SamplerState g_sam_4
  {
  };
  
  stdafx.cpp
C:\Users\gxg11\Desktop\GP\Rebellion2\01. Project\Engine\global.h(1,1): warning C4828: 파일에 0x47d 오프셋에서 시작하는 문자가 포함되어 있습니다. 이 문자는 현재 원본 문자 집합에서 잘못된 문자입니다(코드 페이지 949).
C:\Users\gxg11\Desktop\GP\Rebellion2\01. Project\Client\Server.h(24,13): warning C4099: 'DirectX::SimpleMath::Matrix': 처음에는 'struct'을(를) 사용하여 형식 이름을 표시했는데 이제는 'class'을(를) 사용하여 표시합니다.
C:\Users\gxg11\Desktop\GP\Rebellion2\01. Project\Engine\SimpleMath.h(465): message : 'DirectX::SimpleMath::Matrix' 선언을 참조하십시오.
  Animation2D.cpp
C:\Users\gxg11\Desktop\GP\Rebellion2\01. Project\Engine\ResMgr.h(137,1): warning C4267: '초기화 중': 'size_t'에서 'int'(으)로 변환하면서 데이터가 손실될 수 있습니다.
C:\Users\gxg11\Desktop\GP\Rebellion2\01. Project\Engine\Animation2D.cpp(117): message : 컴파일되는 함수 템플릿 인스턴스화 'Ptr<CTexture> CResMgr::Load<CTexture>(const std::wstring &,const std::wstring &)'에 대한 참조를 확인하세요.
  Animator2D.cpp
  Animator3D.cpp
C:\Users\gxg11\Desktop\GP\Rebellion2\01. Project\Engine\Animator3D.h(45,78): warning C4244: '=': 'const double'에서 '_Ty'(으)로 변환하면서 데이터가 손실될 수 있습니다.
          with
          [
              _Ty=float
          ]
C:\Users\gxg11\Desktop\GP\Rebellion2\01. Project\Engine\Animator3D.h(47,100): warning C4244: '=': 'const double'에서 '_Ty'(으)로 변환하면서 데이터가 손실될 수 있습니다.
          with
          [
              _Ty=float
          ]
C:\Users\gxg11\Desktop\GP\Rebellion2\01. Project\Engine\Animator3D.cpp(41,48): warning C4244: '+=': 'double'에서 '_Ty'(으)로 변환하면서 데이터가 손실될 수 있습니다.
          with
          [
              _Ty=float
          ]
C:\Users\gxg11\Desktop\GP\Rebellion2\01. Project\Engine\Animator3D.cpp(45,47): warning C4244: '+=': 'double'에서 '_Ty'(으)로 변환하면서 데이터가 손실될 수 있습니다.
          with
          [
              _Ty=float
          ]
  AssemblyAreaScene.cpp
C:\Users\gxg11\Desktop\GP\Rebellion2\01. Project\Engine\MonsterScript.h(73,38): warning C4244: '=': 'const int'에서 'float'(으)로 변환하면서 데이터가 손실될 수 있습니다.
C:\Users\gxg11\Desktop\GP\Rebellion2\01. Project\Engine\MonsterScript2.h(73,38): warning C4244: '=': 'const int'에서 'float'(으)로 변환하면서 데이터가 손실될 수 있습니다.
C:\Users\gxg11\Desktop\GP\Rebellion2\01. Project\Engine\Boss.h(73,38): warning C4244: '=': 'const int'에서 'float'(으)로 변환하면서 데이터가 손실될 수 있습니다.
C:\Users\gxg11\Desktop\GP\Rebellion2\01. Project\Engine\ResMgr.h(137,1): warning C4267: '초기화 중': 'size_t'에서 'int'(으)로 변환하면서 데이터가 손실될 수 있습니다.
C:\Users\gxg11\Desktop\GP\Rebellion2\01. Project\Engine\PlayerScript.h(108): message : 컴파일되는 함수 템플릿 인스턴스화 'Ptr<CTexture> CResMgr::Load<CTexture>(const std::wstring &,const std::wstring &)'에 대한 참조를 확인하세요.
  Boss.cpp
C:\Users\gxg11\Desktop\GP\Rebellion2\01. Project\Engine\Boss.h(73,38): warning C4244: '=': 'const int'에서 'float'(으)로 변환하면서 데이터가 손실될 수 있습니다.
C:\Users\gxg11\Desktop\GP\Rebellion2\01. Project\Engine\Animator3D.h(45,78): warning C4244: '=': 'const double'에서 '_Ty'(으)로 변환하면서 데이터가 손실될 수 있습니다.
          with
          [
              _Ty=float
          ]
C:\Users\gxg11\Desktop\GP\Rebellion2\01. Project\Engine\Animator3D.h(47,100): warning C4244: '=': 'const double'에서 '_Ty'(으)로 변환하면서 데이터가 손실될 수 있습니다.
          with
          [
              _Ty=float
          ]
  BossColScript.cpp
C:\Users\gxg11\Desktop\GP\Rebellion2\01. Project\Engine\M_MonsterScript.h(97,38): warning C4244: '=': 'const int'에서 'float'(으)로 변환하면서 데이터가 손실될 수 있습니다.
  BossFireBall.cpp
  BossMap.cpp
C:\Users\gxg11\Desktop\GP\Rebellion2\01. Project\Engine\MonsterScript.h(73,38): warning C4244: '=': 'const int'에서 'float'(으)로 변환하면서 데이터가 손실될 수 있습니다.
C:\Users\gxg11\Desktop\GP\Rebellion2\01. Project\Engine\M_MonsterScript.h(97,38): warning C4244: '=': 'const int'에서 'float'(으)로 변환하면서 데이터가 손실될 수 있습니다.
C:\Users\gxg11\Desktop\GP\Rebellion2\01. Project\Engine\Boss.h(73,38): warning C4244: '=': 'const int'에서 'float'(으)로 변환하면서 데이터가 손실될 수 있습니다.
C:\Users\gxg11\Desktop\GP\Rebellion2\01. Project\Engine\ResMgr.h(137,1): warning C4267: '초기화 중': 'size_t'에서 'int'(으)로 변환하면서 데이터가 손실될 수 있습니다.
C:\Users\gxg11\Desktop\GP\Rebellion2\01. Project\Engine\PlayerScript.h(108): message : 컴파일되는 함수 템플릿 인스턴스화 'Ptr<CTexture> CResMgr::Load<CTexture>(const std::wstring &,const std::wstring &)'에 대한 참조를 확인하세요.
  BossSkill1.cpp
  BulletScript.cpp
  Camera.cpp
  Castle.cpp
C:\Users\gxg11\Desktop\GP\Rebellion2\01. Project\Engine\Castle.cpp(32,16): warning C4305: '=': 'double'에서 'float'(으)로 잘립니다.
  Collider2D.cpp
  CollisionMgr.cpp
  Component.cpp
  ConstantBuffer.cpp
  Core.cpp
  desc.cpp
  Device.cpp
C:\Users\gxg11\Desktop\GP\Rebellion2\01. Project\Engine\Device.cpp(281,53): warning C4267: '=': 'size_t'에서 'UINT'(으)로 변환하면서 데이터가 손실될 수 있습니다.
  Dungeon.cpp
C:\Users\gxg11\Desktop\GP\Rebellion2\01. Project\Engine\MonsterScript.h(73,38): warning C4244: '=': 'const int'에서 'float'(으)로 변환하면서 데이터가 손실될 수 있습니다.
C:\Users\gxg11\Desktop\GP\Rebellion2\01. Project\Engine\M_MonsterScript.h(97,38): warning C4244: '=': 'const int'에서 'float'(으)로 변환하면서 데이터가 손실될 수 있습니다.
C:\Users\gxg11\Desktop\GP\Rebellion2\01. Project\Engine\ResMgr.h(137,1): warning C4267: '초기화 중': 'size_t'에서 'int'(으)로 변환하면서 데이터가 손실될 수 있습니다.
C:\Users\gxg11\Desktop\GP\Rebellion2\01. Project\Engine\PlayerScript.h(108): message : 컴파일되는 함수 템플릿 인스턴스화 'Ptr<CTexture> CResMgr::Load<CTexture>(const std::wstring &,const std::wstring &)'에 대한 참조를 확인하세요.
  코드를 생성하고 있습니다...
  컴파일하고 있습니다...
  Entity.cpp
  EventMgr.cpp
  FBXLoader.cpp
C:\Users\gxg11\Desktop\GP\Rebellion2\01. Project\Engine\FBXLoader.cpp(367,100): warning C4244: '인수': 'fbxsdk::FbxDouble'에서 'float'(으)로 변환하면서 데이터가 손실될 수 있습니다.
C:\Users\gxg11\Desktop\GP\Rebellion2\01. Project\Engine\FBXLoader.cpp(367,89): warning C4244: '인수': 'T'에서 'float'(으)로 변환하면서 데이터가 손실될 수 있습니다.
          with
          [
              T=fbxsdk::FbxDouble
          ]
C:\Users\gxg11\Desktop\GP\Rebellion2\01. Project\Engine\FBXLoader.cpp(367,63): warning C4244: '인수': 'T'에서 'float'(으)로 변환하면서 데이터가 손실될 수 있습니다.
          with
          [
              T=fbxsdk::FbxDouble
          ]
C:\Users\gxg11\Desktop\GP\Rebellion2\01. Project\Engine\FBXLoader.cpp(367,37): warning C4244: '인수': 'T'에서 'float'(으)로 변환하면서 데이터가 손실될 수 있습니다.
          with
          [
              T=fbxsdk::FbxDouble
          ]
C:\Users\gxg11\Desktop\GP\Rebellion2\01. Project\Engine\ResMgr.h(137,1): warning C4267: '초기화 중': 'size_t'에서 'int'(으)로 변환하면서 데이터가 손실될 수 있습니다.
C:\Users\gxg11\Desktop\GP\Rebellion2\01. Project\Engine\FBXLoader.cpp(408): message : 컴파일되는 함수 템플릿 인스턴스화 'Ptr<CTexture> CResMgr::Load<CTexture>(const std::wstring &,const std::wstring &)'에 대한 참조를 확인하세요.
C:\Program Files\Microsoft Visual Studio\2022\Community\VC\Tools\MSVC\14.33.31629\include\xstring(2824,53): warning C4244: '인수': 'const WCHAR'에서 'const _Elem'(으)로 변환하면서 데이터가 손실될 수 있습니다.
          with
          [
              _Elem=char
          ]
C:\Program Files\Microsoft Visual Studio\2022\Community\VC\Tools\MSVC\14.33.31629\include\xstring(2664): message : 컴파일되는 함수 템플릿 인스턴스화 'void std::basic_string<char,std::char_traits<char>,std::allocator<char>>::_Construct_from_iter<const WCHAR*>(_Iter,const _Iter)'에 대한 참조를 확인하세요.
          with
          [
              _Iter=const WCHAR *
          ]
C:\Program Files\Microsoft Visual Studio\2022\Community\VC\Tools\MSVC\14.33.31629\include\xstring(2664): message : 컴파일되는 함수 템플릿 인스턴스화 'void std::basic_string<char,std::char_traits<char>,std::allocator<char>>::_Construct_from_iter<const WCHAR*>(_Iter,const _Iter)'에 대한 참조를 확인하세요.
          with
          [
              _Iter=const WCHAR *
          ]
C:\Users\gxg11\Desktop\GP\Rebellion2\01. Project\Engine\FBXLoader.cpp(61): message : 컴파일되는 함수 템플릿 인스턴스화 'std::basic_string<char,std::char_traits<char>,std::allocator<char>>::basic_string<std::_String_const_iterator<std::_String_val<std::_Simple_types<_Elem>>>,0>(_Iter,_Iter,const _Alloc &)'에 대한 참조를 확인하세요.
          with
          [
              _Elem=wchar_t,
              _Iter=std::_String_const_iterator<std::_String_val<std::_Simple_types<wchar_t>>>,
              _Alloc=std::allocator<char>
          ]
C:\Users\gxg11\Desktop\GP\Rebellion2\01. Project\Engine\FBXLoader.cpp(61): message : 컴파일되는 함수 템플릿 인스턴스화 'std::basic_string<char,std::char_traits<char>,std::allocator<char>>::basic_string<std::_String_const_iterator<std::_String_val<std::_Simple_types<_Elem>>>,0>(_Iter,_Iter,const _Alloc &)'에 대한 참조를 확인하세요.
          with
          [
              _Elem=wchar_t,
              _Iter=std::_String_const_iterator<std::_String_val<std::_Simple_types<wchar_t>>>,
              _Alloc=std::allocator<char>
          ]
  Fire.cpp
  FireBall.cpp
  Frustum.cpp
  func.cpp
  GameObject.cpp
  GateHouse.cpp
  GridScript.cpp
  GuardHouse.cpp
  KeyMgr.cpp
  Layer.cpp
  Light2D.cpp
  Light3D.cpp
  LoginScene.cpp
  Material.cpp
C:\Users\gxg11\Desktop\GP\Rebellion2\01. Project\Engine\ResMgr.h(137,1): warning C4267: '초기화 중': 'size_t'에서 'int'(으)로 변환하면서 데이터가 손실될 수 있습니다.
C:\Users\gxg11\Desktop\GP\Rebellion2\01. Project\Engine\Material.cpp(176): message : 컴파일되는 함수 템플릿 인스턴스화 'Ptr<CTexture> CResMgr::Load<CTexture>(const std::wstring &,const std::wstring &)'에 대한 참조를 확인하세요.
  MegaSlash.cpp
  Mesh.cpp
  MeshData.cpp
C:\Users\gxg11\Desktop\GP\Rebellion2\01. Project\Engine\Animator3D.h(45,78): warning C4244: '=': 'const double'에서 '_Ty'(으)로 변환하면서 데이터가 손실될 수 있습니다.
          with
          [
              _Ty=float
          ]
C:\Users\gxg11\Desktop\GP\Rebellion2\01. Project\Engine\Animator3D.h(47,100): warning C4244: '=': 'const double'에서 '_Ty'(으)로 변환하면서 데이터가 손실될 수 있습니다.
          with
          [
              _Ty=float
          ]
C:\Users\gxg11\Desktop\GP\Rebellion2\01. Project\Engine\ResMgr.h(137,1): warning C4267: '초기화 중': 'size_t'에서 'int'(으)로 변환하면서 데이터가 손실될 수 있습니다.
C:\Users\gxg11\Desktop\GP\Rebellion2\01. Project\Engine\MeshData.cpp(75): message : 컴파일되는 함수 템플릿 인스턴스화 'Ptr<CMesh> CResMgr::Load<CMesh>(const std::wstring &,const std::wstring &)'에 대한 참조를 확인하세요.
  코드를 생성하고 있습니다...
  컴파일하고 있습니다...
  MeshRender.cpp
C:\Users\gxg11\Desktop\GP\Rebellion2\01. Project\Engine\Animator3D.h(45,78): warning C4244: '=': 'const double'에서 '_Ty'(으)로 변환하면서 데이터가 손실될 수 있습니다.
          with
          [
              _Ty=float
          ]
C:\Users\gxg11\Desktop\GP\Rebellion2\01. Project\Engine\Animator3D.h(47,100): warning C4244: '=': 'const double'에서 '_Ty'(으)로 변환하면서 데이터가 손실될 수 있습니다.
          with
          [
              _Ty=float
          ]
  Meteor.cpp
  Miro.cpp
  Monster2ColScript.cpp
C:\Users\gxg11\Desktop\GP\Rebellion2\01. Project\Engine\MonsterScript2.h(73,38): warning C4244: '=': 'const int'에서 'float'(으)로 변환하면서 데이터가 손실될 수 있습니다.
  MonsterColScript.cpp
C:\Users\gxg11\Desktop\GP\Rebellion2\01. Project\Engine\MonsterScript.h(73,38): warning C4244: '=': 'const int'에서 'float'(으)로 변환하면서 데이터가 손실될 수 있습니다.
  MonsterScript.cpp
C:\Users\gxg11\Desktop\GP\Rebellion2\01. Project\Engine\MonsterScript.h(73,38): warning C4244: '=': 'const int'에서 'float'(으)로 변환하면서 데이터가 손실될 수 있습니다.
C:\Users\gxg11\Desktop\GP\Rebellion2\01. Project\Engine\Animator3D.h(45,78): warning C4244: '=': 'const double'에서 '_Ty'(으)로 변환하면서 데이터가 손실될 수 있습니다.
          with
          [
              _Ty=float
          ]
C:\Users\gxg11\Desktop\GP\Rebellion2\01. Project\Engine\Animator3D.h(47,100): warning C4244: '=': 'const double'에서 '_Ty'(으)로 변환하면서 데이터가 손실될 수 있습니다.
          with
          [
              _Ty=float
          ]
  MonsterScript2.cpp
C:\Users\gxg11\Desktop\GP\Rebellion2\01. Project\Engine\MonsterScript2.h(73,38): warning C4244: '=': 'const int'에서 'float'(으)로 변환하면서 데이터가 손실될 수 있습니다.
C:\Users\gxg11\Desktop\GP\Rebellion2\01. Project\Engine\Animator3D.h(45,78): warning C4244: '=': 'const double'에서 '_Ty'(으)로 변환하면서 데이터가 손실될 수 있습니다.
          with
          [
              _Ty=float
          ]
C:\Users\gxg11\Desktop\GP\Rebellion2\01. Project\Engine\Animator3D.h(47,100): warning C4244: '=': 'const double'에서 '_Ty'(으)로 변환하면서 데이터가 손실될 수 있습니다.
          with
          [
              _Ty=float
          ]
  MRT.cpp
C:\Users\gxg11\Desktop\GP\Rebellion2\01. Project\Engine\MRT.cpp(53,20): warning C4018: '<': signed 또는 unsigned가 일치하지 않습니다.
  M_MonsterScript.cpp
C:\Users\gxg11\Desktop\GP\Rebellion2\01. Project\Engine\M_MonsterScript.h(97,38): warning C4244: '=': 'const int'에서 'float'(으)로 변환하면서 데이터가 손실될 수 있습니다.
C:\Users\gxg11\Desktop\GP\Rebellion2\01. Project\Engine\Animator3D.h(45,78): warning C4244: '=': 'const double'에서 '_Ty'(으)로 변환하면서 데이터가 손실될 수 있습니다.
          with
          [
              _Ty=float
          ]
C:\Users\gxg11\Desktop\GP\Rebellion2\01. Project\Engine\Animator3D.h(47,100): warning C4244: '=': 'const double'에서 '_Ty'(으)로 변환하면서 데이터가 손실될 수 있습니다.
          with
          [
              _Ty=float
          ]
C:\Users\gxg11\Desktop\GP\Rebellion2\01. Project\Engine\M_MonsterScript.cpp(213,16): warning C4102: 'Monster_Skill': 참조되지 않은 레이블입니다.
C:\Users\gxg11\Desktop\GP\Rebellion2\01. Project\Engine\ResMgr.h(137,1): warning C4267: '초기화 중': 'size_t'에서 'int'(으)로 변환하면서 데이터가 손실될 수 있습니다.
C:\Users\gxg11\Desktop\GP\Rebellion2\01. Project\Engine\M_MonsterScript.h(158): message : 컴파일되는 함수 템플릿 인스턴스화 'Ptr<CTexture> CResMgr::Load<CTexture>(const std::wstring &,const std::wstring &)'에 대한 참조를 확인하세요.
  Network.cpp
C:\Users\gxg11\Desktop\GP\Rebellion2\01. Project\Engine\Animator3D.h(45,78): warning C4244: '=': 'const double'에서 '_Ty'(으)로 변환하면서 데이터가 손실될 수 있습니다.
          with
          [
              _Ty=float
          ]
C:\Users\gxg11\Desktop\GP\Rebellion2\01. Project\Engine\Animator3D.h(47,100): warning C4244: '=': 'const double'에서 '_Ty'(으)로 변환하면서 데이터가 손실될 수 있습니다.
          with
          [
              _Ty=float
          ]
C:\Users\gxg11\Desktop\GP\Rebellion2\01. Project\Engine\MonsterScript.h(73,38): warning C4244: '=': 'const int'에서 'float'(으)로 변환하면서 데이터가 손실될 수 있습니다.
C:\Users\gxg11\Desktop\GP\Rebellion2\01. Project\Engine\MonsterScript2.h(73,38): warning C4244: '=': 'const int'에서 'float'(으)로 변환하면서 데이터가 손실될 수 있습니다.
C:\Users\gxg11\Desktop\GP\Rebellion2\01. Project\Engine\M_MonsterScript.h(97,38): warning C4244: '=': 'const int'에서 'float'(으)로 변환하면서 데이터가 손실될 수 있습니다.
C:\Users\gxg11\Desktop\GP\Rebellion2\01. Project\Engine\Boss.h(73,38): warning C4244: '=': 'const int'에서 'float'(으)로 변환하면서 데이터가 손실될 수 있습니다.
C:\Users\gxg11\Desktop\GP\Rebellion2\01. Project\Engine\Network.cpp(107,2): warning C4002: 함수 같은 매크로 호출 'RtlZeroMemory'에 대해 인수가 너무 많습니다.
C:\Users\gxg11\Desktop\GP\Rebellion2\01. Project\Engine\ResMgr.h(137,1): warning C4267: '초기화 중': 'size_t'에서 'int'(으)로 변환하면서 데이터가 손실될 수 있습니다.
C:\Users\gxg11\Desktop\GP\Rebellion2\01. Project\Engine\Network.cpp(215): message : 컴파일되는 함수 템플릿 인스턴스화 'Ptr<CMeshData> CResMgr::Load<CMeshData>(const std::wstring &,const std::wstring &)'에 대한 참조를 확인하세요.
  NpcMon.cpp
  ParticleScript.cpp
  ParticleSystem.cpp
C:\Users\gxg11\Desktop\GP\Rebellion2\01. Project\Engine\ResMgr.h(137,1): warning C4267: '초기화 중': 'size_t'에서 'int'(으)로 변환하면서 데이터가 손실될 수 있습니다.
C:\Users\gxg11\Desktop\GP\Rebellion2\01. Project\Engine\ParticleSystem.cpp(41): message : 컴파일되는 함수 템플릿 인스턴스화 'Ptr<CTexture> CResMgr::Load<CTexture>(const std::wstring &,const std::wstring &)'에 대한 참조를 확인하세요.
  PathMgr.cpp
  PlayerColScript.cpp
  PlayerScript.cpp
C:\Users\gxg11\Desktop\GP\Rebellion2\01. Project\Engine\Animator3D.h(45,78): warning C4244: '=': 'const double'에서 '_Ty'(으)로 변환하면서 데이터가 손실될 수 있습니다.
          with
          [
              _Ty=float
          ]
C:\Users\gxg11\Desktop\GP\Rebellion2\01. Project\Engine\Animator3D.h(47,100): warning C4244: '=': 'const double'에서 '_Ty'(으)로 변환하면서 데이터가 손실될 수 있습니다.
          with
          [
              _Ty=float
          ]
C:\Users\gxg11\Desktop\GP\Rebellion2\01. Project\Engine\MonsterScript.h(73,38): warning C4244: '=': 'const int'에서 'float'(으)로 변환하면서 데이터가 손실될 수 있습니다.
C:\Users\gxg11\Desktop\GP\Rebellion2\01. Project\Engine\Swing2.h(30,16): warning C4244: '초기화 중': 'float'에서 'int'(으)로 변환하면서 데이터가 손실될 수 있습니다.
C:\Users\gxg11\Desktop\GP\Rebellion2\01. Project\Engine\Swing3.h(28,16): warning C4244: '초기화 중': 'float'에서 'int'(으)로 변환하면서 데이터가 손실될 수 있습니다.
C:\Users\gxg11\Desktop\GP\Rebellion2\01. Project\Engine\Swing4.h(29,16): warning C4244: '초기화 중': 'float'에서 'int'(으)로 변환하면서 데이터가 손실될 수 있습니다.
C:\Users\gxg11\Desktop\GP\Rebellion2\01. Project\Engine\ResMgr.h(137,1): warning C4267: '초기화 중': 'size_t'에서 'int'(으)로 변환하면서 데이터가 손실될 수 있습니다.
C:\Users\gxg11\Desktop\GP\Rebellion2\01. Project\Engine\PlayerScript.h(108): message : 컴파일되는 함수 템플릿 인스턴스화 'Ptr<CTexture> CResMgr::Load<CTexture>(const std::wstring &,const std::wstring &)'에 대한 참조를 확인하세요.
  Portal.cpp
  RenderMgr.cpp
  RenderMgrInit.cpp
  ResMgr.cpp
  코드를 생성하고 있습니다...
C:\Users\gxg11\Desktop\GP\Rebellion2\01. Project\Engine\RenderMgr.cpp(226): warning C4715: 'CRenderMgr::GetMainCam': 모든 제어 경로에서 값을 반환하지는 않습니다.
C:\Users\gxg11\Desktop\GP\Rebellion2\01. Project\Engine\Network.cpp(49): warning C4715: 'CheckType': 모든 제어 경로에서 값을 반환하지는 않습니다.
  컴파일하고 있습니다...
  ResMgrInit.cpp
C:\Users\gxg11\Desktop\GP\Rebellion2\01. Project\Engine\ResMgr.h(137,1): warning C4267: '초기화 중': 'size_t'에서 'int'(으)로 변환하면서 데이터가 손실될 수 있습니다.
C:\Users\gxg11\Desktop\GP\Rebellion2\01. Project\Engine\ResMgrInit.cpp(519): message : 컴파일되는 함수 템플릿 인스턴스화 'Ptr<CTexture> CResMgr::Load<CTexture>(const std::wstring &,const std::wstring &)'에 대한 참조를 확인하세요.
  Resource.cpp
  Scene.cpp
  SceneMgr.cpp
C:\Users\gxg11\Desktop\GP\Rebellion2\01. Project\Engine\Animator3D.h(45,78): warning C4244: '=': 'const double'에서 '_Ty'(으)로 변환하면서 데이터가 손실될 수 있습니다.
          with
          [
              _Ty=float
          ]
C:\Users\gxg11\Desktop\GP\Rebellion2\01. Project\Engine\Animator3D.h(47,100): warning C4244: '=': 'const double'에서 '_Ty'(으)로 변환하면서 데이터가 손실될 수 있습니다.
          with
          [
              _Ty=float
          ]
C:\Users\gxg11\Desktop\GP\Rebellion2\01. Project\Engine\MonsterScript.h(73,38): warning C4244: '=': 'const int'에서 'float'(으)로 변환하면서 데이터가 손실될 수 있습니다.
C:\Users\gxg11\Desktop\GP\Rebellion2\01. Project\Engine\M_MonsterScript.h(97,38): warning C4244: '=': 'const int'에서 'float'(으)로 변환하면서 데이터가 손실될 수 있습니다.
C:\Users\gxg11\Desktop\GP\Rebellion2\01. Project\Engine\SceneMgr.cpp(122,15): warning C4834: 'nodiscard' 특성이 포함된 함수의 반환 값을 버리는 중
  Script.cpp
  Shader.cpp
  SimpleMath.cpp
  Somethings.cpp
  Sound.cpp
C:\Program Files\Microsoft Visual Studio\2022\Community\VC\Tools\MSVC\14.33.31629\include\xstring(2824,53): warning C4244: '인수': 'const WCHAR'에서 'const _Elem'(으)로 변환하면서 데이터가 손실될 수 있습니다.
          with
          [
              _Elem=char
          ]
C:\Program Files\Microsoft Visual Studio\2022\Community\VC\Tools\MSVC\14.33.31629\include\xstring(2664): message : 컴파일되는 함수 템플릿 인스턴스화 'void std::basic_string<char,std::char_traits<char>,std::allocator<char>>::_Construct_from_iter<const WCHAR*>(_Iter,const _Iter)'에 대한 참조를 확인하세요.
          with
          [
              _Iter=const WCHAR *
          ]
C:\Program Files\Microsoft Visual Studio\2022\Community\VC\Tools\MSVC\14.33.31629\include\xstring(2664): message : 컴파일되는 함수 템플릿 인스턴스화 'void std::basic_string<char,std::char_traits<char>,std::allocator<char>>::_Construct_from_iter<const WCHAR*>(_Iter,const _Iter)'에 대한 참조를 확인하세요.
          with
          [
              _Iter=const WCHAR *
          ]
C:\Users\gxg11\Desktop\GP\Rebellion2\01. Project\Engine\Sound.cpp(100): message : 컴파일되는 함수 템플릿 인스턴스화 'std::basic_string<char,std::char_traits<char>,std::allocator<char>>::basic_string<std::_String_const_iterator<std::_String_val<std::_Simple_types<_Elem>>>,0>(_Iter,_Iter,const _Alloc &)'에 대한 참조를 확인하세요.
          with
          [
              _Elem=wchar_t,
              _Iter=std::_String_const_iterator<std::_String_val<std::_Simple_types<wchar_t>>>,
              _Alloc=std::allocator<char>
          ]
C:\Users\gxg11\Desktop\GP\Rebellion2\01. Project\Engine\Sound.cpp(100): message : 컴파일되는 함수 템플릿 인스턴스화 'std::basic_string<char,std::char_traits<char>,std::allocator<char>>::basic_string<std::_String_const_iterator<std::_String_val<std::_Simple_types<_Elem>>>,0>(_Iter,_Iter,const _Alloc &)'에 대한 참조를 확인하세요.
          with
          [
              _Elem=wchar_t,
              _Iter=std::_String_const_iterator<std::_String_val<std::_Simple_types<wchar_t>>>,
              _Alloc=std::allocator<char>
          ]
  SoundMgr.cpp
  Sting.cpp
  StructuredBuffer.cpp
  Swing.cpp
  Swing2.cpp
C:\Users\gxg11\Desktop\GP\Rebellion2\01. Project\Engine\Swing2.h(30,16): warning C4244: '초기화 중': 'float'에서 'int'(으)로 변환하면서 데이터가 손실될 수 있습니다.
  Swing3.cpp
C:\Users\gxg11\Desktop\GP\Rebellion2\01. Project\Engine\Swing3.h(28,16): warning C4244: '초기화 중': 'float'에서 'int'(으)로 변환하면서 데이터가 손실될 수 있습니다.
  Swing4.cpp
C:\Users\gxg11\Desktop\GP\Rebellion2\01. Project\Engine\Swing4.h(29,16): warning C4244: '초기화 중': 'float'에서 'int'(으)로 변환하면서 데이터가 손실될 수 있습니다.
  Sword.cpp
  SwordAttackAreaScript.cpp
C:\Users\gxg11\Desktop\GP\Rebellion2\01. Project\Engine\MonsterScript.h(73,38): warning C4244: '=': 'const int'에서 'float'(으)로 변환하면서 데이터가 손실될 수 있습니다.
  SwordScript.cpp
C:\Users\gxg11\Desktop\GP\Rebellion2\01. Project\Engine\Animator3D.h(45,78): warning C4244: '=': 'const double'에서 '_Ty'(으)로 변환하면서 데이터가 손실될 수 있습니다.
          with
          [
              _Ty=float
          ]
C:\Users\gxg11\Desktop\GP\Rebellion2\01. Project\Engine\Animator3D.h(47,100): warning C4244: '=': 'const double'에서 '_Ty'(으)로 변환하면서 데이터가 손실될 수 있습니다.
          with
          [
              _Ty=float
          ]
C:\Users\gxg11\Desktop\GP\Rebellion2\01. Project\Engine\SwordScript.cpp(111,35): warning C4244: '+=': 'double'에서 'float'(으)로 변환하면서 데이터가 손실될 수 있습니다.
C:\Users\gxg11\Desktop\GP\Rebellion2\01. Project\Engine\ResMgr.h(137,1): warning C4267: '초기화 중': 'size_t'에서 'int'(으)로 변환하면서 데이터가 손실될 수 있습니다.
C:\Users\gxg11\Desktop\GP\Rebellion2\01. Project\Engine\PlayerScript.h(108): message : 컴파일되는 함수 템플릿 인스턴스화 'Ptr<CTexture> CResMgr::Load<CTexture>(const std::wstring &,const std::wstring &)'에 대한 참조를 확인하세요.
  SwordStrike.cpp
  코드를 생성하고 있습니다...
  컴파일하고 있습니다...
  TestScript.cpp
  Texture.cpp
  TimeMgr.cpp
  ToolCamScript.cpp
C:\Users\gxg11\Desktop\GP\Rebellion2\01. Project\Engine\M_MonsterScript.h(97,38): warning C4244: '=': 'const int'에서 'float'(으)로 변환하면서 데이터가 손실될 수 있습니다.
  Trail.cpp
  TrailRenderer.cpp
C:\Users\gxg11\Desktop\GP\Rebellion2\01. Project\Engine\TrailRenderer.cpp(71,14): warning C4244: '=': 'float'에서 'int'(으)로 변환하면서 데이터가 손실될 수 있습니다.
  Transform.cpp
  Tree.cpp
  UnleashedPower.cpp
  코드를 생성하고 있습니다...
  Engine.vcxproj -> C:\Users\gxg11\Desktop\GP\Rebellion2\03. External\Library\Engine\Engine.lib
