c:\users\pig75\onedrive\desktop\rebellion\01. project\engine\x64\release\engine.pch
c:\users\pig75\onedrive\desktop\rebellion\03. external\library\engine\engine.pdb
c:\users\pig75\onedrive\desktop\rebellion\01. project\engine\x64\release\stdafx.obj
c:\users\pig75\onedrive\desktop\rebellion\01. project\engine\x64\release\dungeon.obj
c:\users\pig75\onedrive\desktop\rebellion\01. project\engine\x64\release\device.obj
c:\users\pig75\onedrive\desktop\rebellion\01. project\engine\x64\release\desc.obj
c:\users\pig75\onedrive\desktop\rebellion\01. project\engine\x64\release\core.obj
c:\users\pig75\onedrive\desktop\rebellion\01. project\engine\x64\release\constantbuffer.obj
c:\users\pig75\onedrive\desktop\rebellion\01. project\engine\x64\release\component.obj
c:\users\pig75\onedrive\desktop\rebellion\01. project\engine\x64\release\collisionmgr.obj
c:\users\pig75\onedrive\desktop\rebellion\01. project\engine\x64\release\collider2d.obj
c:\users\pig75\onedrive\desktop\rebellion\01. project\engine\x64\release\castle.obj
c:\users\pig75\onedrive\desktop\rebellion\01. project\engine\x64\release\camera.obj
c:\users\pig75\onedrive\desktop\rebellion\01. project\engine\x64\release\bulletscript.obj
c:\users\pig75\onedrive\desktop\rebellion\01. project\engine\x64\release\bossskill1.obj
c:\users\pig75\onedrive\desktop\rebellion\01. project\engine\x64\release\bossmap.obj
c:\users\pig75\onedrive\desktop\rebellion\01. project\engine\x64\release\bossfireball.obj
c:\users\pig75\onedrive\desktop\rebellion\01. project\engine\x64\release\bosscolscript.obj
c:\users\pig75\onedrive\desktop\rebellion\01. project\engine\x64\release\boss.obj
c:\users\pig75\onedrive\desktop\rebellion\01. project\engine\x64\release\assemblyareascene.obj
c:\users\pig75\onedrive\desktop\rebellion\01. project\engine\x64\release\animator3d.obj
c:\users\pig75\onedrive\desktop\rebellion\01. project\engine\x64\release\animator2d.obj
c:\users\pig75\onedrive\desktop\rebellion\01. project\engine\x64\release\animation2d.obj
c:\users\pig75\onedrive\desktop\rebellion\01. project\engine\x64\release\meshdata.obj
c:\users\pig75\onedrive\desktop\rebellion\01. project\engine\x64\release\mesh.obj
c:\users\pig75\onedrive\desktop\rebellion\01. project\engine\x64\release\megaslash.obj
c:\users\pig75\onedrive\desktop\rebellion\01. project\engine\x64\release\material.obj
c:\users\pig75\onedrive\desktop\rebellion\01. project\engine\x64\release\loginscene.obj
c:\users\pig75\onedrive\desktop\rebellion\01. project\engine\x64\release\light3d.obj
c:\users\pig75\onedrive\desktop\rebellion\01. project\engine\x64\release\light2d.obj
c:\users\pig75\onedrive\desktop\rebellion\01. project\engine\x64\release\layer.obj
c:\users\pig75\onedrive\desktop\rebellion\01. project\engine\x64\release\keymgr.obj
c:\users\pig75\onedrive\desktop\rebellion\01. project\engine\x64\release\guardhouse.obj
c:\users\pig75\onedrive\desktop\rebellion\01. project\engine\x64\release\gridscript.obj
c:\users\pig75\onedrive\desktop\rebellion\01. project\engine\x64\release\gatehouse.obj
c:\users\pig75\onedrive\desktop\rebellion\01. project\engine\x64\release\gameobject.obj
c:\users\pig75\onedrive\desktop\rebellion\01. project\engine\x64\release\func.obj
c:\users\pig75\onedrive\desktop\rebellion\01. project\engine\x64\release\frustum.obj
c:\users\pig75\onedrive\desktop\rebellion\01. project\engine\x64\release\fireball.obj
c:\users\pig75\onedrive\desktop\rebellion\01. project\engine\x64\release\fire.obj
c:\users\pig75\onedrive\desktop\rebellion\01. project\engine\x64\release\fbxloader.obj
c:\users\pig75\onedrive\desktop\rebellion\01. project\engine\x64\release\eventmgr.obj
c:\users\pig75\onedrive\desktop\rebellion\01. project\engine\x64\release\entity.obj
c:\users\pig75\onedrive\desktop\rebellion\01. project\engine\x64\release\resource.obj
c:\users\pig75\onedrive\desktop\rebellion\01. project\engine\x64\release\resmgrinit.obj
c:\users\pig75\onedrive\desktop\rebellion\01. project\engine\x64\release\resmgr.obj
c:\users\pig75\onedrive\desktop\rebellion\01. project\engine\x64\release\rendermgrinit.obj
c:\users\pig75\onedrive\desktop\rebellion\01. project\engine\x64\release\rendermgr.obj
c:\users\pig75\onedrive\desktop\rebellion\01. project\engine\x64\release\portal.obj
c:\users\pig75\onedrive\desktop\rebellion\01. project\engine\x64\release\playerscript.obj
c:\users\pig75\onedrive\desktop\rebellion\01. project\engine\x64\release\playercolscript.obj
c:\users\pig75\onedrive\desktop\rebellion\01. project\engine\x64\release\pathmgr.obj
c:\users\pig75\onedrive\desktop\rebellion\01. project\engine\x64\release\particlesystem.obj
c:\users\pig75\onedrive\desktop\rebellion\01. project\engine\x64\release\particlescript.obj
c:\users\pig75\onedrive\desktop\rebellion\01. project\engine\x64\release\npcmon.obj
c:\users\pig75\onedrive\desktop\rebellion\01. project\engine\x64\release\network.obj
c:\users\pig75\onedrive\desktop\rebellion\01. project\engine\x64\release\m_monsterscript.obj
c:\users\pig75\onedrive\desktop\rebellion\01. project\engine\x64\release\mrt.obj
c:\users\pig75\onedrive\desktop\rebellion\01. project\engine\x64\release\monsterscript.obj
c:\users\pig75\onedrive\desktop\rebellion\01. project\engine\x64\release\monstercolscript.obj
c:\users\pig75\onedrive\desktop\rebellion\01. project\engine\x64\release\miro.obj
c:\users\pig75\onedrive\desktop\rebellion\01. project\engine\x64\release\meteor.obj
c:\users\pig75\onedrive\desktop\rebellion\01. project\engine\x64\release\meshrender.obj
c:\users\pig75\onedrive\desktop\rebellion\01. project\engine\x64\release\texture.obj
c:\users\pig75\onedrive\desktop\rebellion\01. project\engine\x64\release\testscript.obj
c:\users\pig75\onedrive\desktop\rebellion\01. project\engine\x64\release\swordstrike.obj
c:\users\pig75\onedrive\desktop\rebellion\01. project\engine\x64\release\swordscript.obj
c:\users\pig75\onedrive\desktop\rebellion\01. project\engine\x64\release\swordattackareascript.obj
c:\users\pig75\onedrive\desktop\rebellion\01. project\engine\x64\release\sword.obj
c:\users\pig75\onedrive\desktop\rebellion\01. project\engine\x64\release\swing4.obj
c:\users\pig75\onedrive\desktop\rebellion\01. project\engine\x64\release\swing3.obj
c:\users\pig75\onedrive\desktop\rebellion\01. project\engine\x64\release\swing2.obj
c:\users\pig75\onedrive\desktop\rebellion\01. project\engine\x64\release\swing.obj
c:\users\pig75\onedrive\desktop\rebellion\01. project\engine\x64\release\structuredbuffer.obj
c:\users\pig75\onedrive\desktop\rebellion\01. project\engine\x64\release\sting.obj
c:\users\pig75\onedrive\desktop\rebellion\01. project\engine\x64\release\soundmgr.obj
c:\users\pig75\onedrive\desktop\rebellion\01. project\engine\x64\release\sound.obj
c:\users\pig75\onedrive\desktop\rebellion\01. project\engine\x64\release\somethings.obj
c:\users\pig75\onedrive\desktop\rebellion\01. project\engine\x64\release\simplemath.obj
c:\users\pig75\onedrive\desktop\rebellion\01. project\engine\x64\release\shader.obj
c:\users\pig75\onedrive\desktop\rebellion\01. project\engine\x64\release\script.obj
c:\users\pig75\onedrive\desktop\rebellion\01. project\engine\x64\release\scenemgr.obj
c:\users\pig75\onedrive\desktop\rebellion\01. project\engine\x64\release\scene.obj
c:\users\pig75\onedrive\desktop\rebellion\01. project\engine\x64\release\unleashedpower.obj
c:\users\pig75\onedrive\desktop\rebellion\01. project\engine\x64\release\tree.obj
c:\users\pig75\onedrive\desktop\rebellion\01. project\engine\x64\release\transform.obj
c:\users\pig75\onedrive\desktop\rebellion\01. project\engine\x64\release\toolcamscript.obj
c:\users\pig75\onedrive\desktop\rebellion\01. project\engine\x64\release\timemgr.obj
c:\users\pig75\onedrive\desktop\rebellion\03. external\library\engine\animation.cso
c:\users\pig75\onedrive\desktop\rebellion\03. external\library\engine\compute.cso
c:\users\pig75\onedrive\desktop\rebellion\03. external\library\engine\fire.cso
c:\users\pig75\onedrive\desktop\rebellion\03. external\library\engine\particle.cso
c:\users\pig75\onedrive\desktop\rebellion\03. external\library\engine\posteffect.cso
c:\users\pig75\onedrive\desktop\rebellion\03. external\library\engine\rain.cso
c:\users\pig75\onedrive\desktop\rebellion\03. external\library\engine\trail.cso
c:\users\pig75\onedrive\desktop\rebellion\03. external\library\engine\engine.lib
c:\users\pig75\onedrive\desktop\rebellion\01. project\engine\x64\release\engine.res
c:\users\pig75\onedrive\desktop\rebellion\01. project\engine\x64\release\engine.tlog\cl.command.1.tlog
c:\users\pig75\onedrive\desktop\rebellion\01. project\engine\x64\release\engine.tlog\cl.read.1.tlog
c:\users\pig75\onedrive\desktop\rebellion\01. project\engine\x64\release\engine.tlog\cl.write.1.tlog
c:\users\pig75\onedrive\desktop\rebellion\01. project\engine\x64\release\engine.tlog\fxc.command.1.tlog
c:\users\pig75\onedrive\desktop\rebellion\01. project\engine\x64\release\engine.tlog\fxc.read.1.tlog
c:\users\pig75\onedrive\desktop\rebellion\01. project\engine\x64\release\engine.tlog\fxc.write.1.tlog
c:\users\pig75\onedrive\desktop\rebellion\01. project\engine\x64\release\engine.tlog\lib-link-cvtres.read.1.tlog
c:\users\pig75\onedrive\desktop\rebellion\01. project\engine\x64\release\engine.tlog\lib-link-cvtres.write.1.tlog
c:\users\pig75\onedrive\desktop\rebellion\01. project\engine\x64\release\engine.tlog\lib.command.1.tlog
c:\users\pig75\onedrive\desktop\rebellion\01. project\engine\x64\release\engine.tlog\rc.command.1.tlog
c:\users\pig75\onedrive\desktop\rebellion\01. project\engine\x64\release\engine.tlog\rc.read.1.tlog
c:\users\pig75\onedrive\desktop\rebellion\01. project\engine\x64\release\engine.tlog\rc.write.1.tlog
